<?xml version="1.0" encoding="UTF-8"?>
<!-- Generated by org.testng.reporters.JUnitReportReporter -->
<testsuite hostname="DESKTOP-2AB59FG" failures="0" tests="1" name="com.neo.bank.testcases.LoginTestCase" time="2.160" errors="0" timestamp="2022-03-21T11:18:57 IST" skipped="0">
  <testcase classname="com.neo.bank.testcases.LoginTestCase" name="test" time="2.160"/>
  <system-out/>
</testsuite> <!-- com.neo.bank.testcases.LoginTestCase -->
